# JRE version: OpenJDK Runtime Environment (17.0.7) (build 17.0.7+0-b2043.56-10550314)
# Java VM: OpenJDK 64-Bit Server VM (17.0.7+0-b2043.56-10550314, mixed mode, tiered, compressed oops, compressed class ptrs, g1 gc, windows-amd64)
GC Precious Log:
 CPUs: 8 total, 8 available
 Memory: 16221M
 Large Page Support: Disabled
 NUMA Support: Disabled
 Compressed Oops: Enabled (32-bit)
 Heap Region Size: 1M
 Heap Min Capacity: 8M
 Heap Initial Capacity: 254M
 Heap Max Capacity: 2G
 Pre-touch: Disabled
 Parallel Workers: 8
 Concurrent Workers: 2
 Concurrent Refinement Workers: 8
 Periodic GC: Disabled
Heap:
 garbage-first heap   total 443392K, used 209822K [0x0000000080000000, 0x0000000100000000)
  region size 1024K, 20 young (20480K), 7 survivors (7168K)
 Metaspace       used 140508K, committed 141760K, reserved 1179648K
  class space    used 19217K, committed 19840K, reserved 1048576K
GC Heap History (20 events):
Event: 13.189 GC heap before
{Heap before GC invocations=48 (full 0):
 garbage-first heap   total 206848K, used 169155K [0x0000000080000000, 0x0000000100000000)
  region size 1024K, 54 young (55296K), 6 survivors (6144K)
 Metaspace       used 109274K, committed 110080K, reserved 1179648K
  class space    used 14947K, committed 15360K, reserved 1048576K
}
Event: 13.197 GC heap after
{Heap after GC invocations=49 (full 0):
 garbage-first heap   total 206848K, used 124382K [0x0000000080000000, 0x0000000100000000)
  region size 1024K, 5 young (5120K), 5 survivors (5120K)
 Metaspace       used 109274K, committed 110080K, reserved 1179648K
  class space    used 14947K, committed 15360K, reserved 1048576K
}
Event: 14.211 GC heap before
{Heap before GC invocations=49 (full 0):
 garbage-first heap   total 206848K, used 169438K [0x0000000080000000, 0x0000000100000000)
  region size 1024K, 50 young (51200K), 5 survivors (5120K)
 Metaspace       used 110488K, committed 111296K, reserved 1179648K
  class space    used 15101K, committed 15488K, reserved 1048576K
}
Event: 14.218 GC heap after
{Heap after GC invocations=50 (full 0):
 garbage-first heap   total 443392K, used 128079K [0x0000000080000000, 0x0000000100000000)
  region size 1024K, 4 young (4096K), 4 survivors (4096K)
 Metaspace       used 110488K, committed 111296K, reserved 1179648K
  class space    used 15101K, committed 15488K, reserved 1048576K
}
Event: 149.095 GC heap before
{Heap before GC invocations=50 (full 0):
 garbage-first heap   total 443392K, used 334927K [0x0000000080000000, 0x0000000100000000)
  region size 1024K, 207 young (211968K), 4 survivors (4096K)
 Metaspace       used 117016K, committed 117952K, reserved 1179648K
  class space    used 15945K, committed 16448K, reserved 1048576K
}
Event: 149.109 GC heap after
{Heap after GC invocations=51 (full 0):
 garbage-first heap   total 443392K, used 141889K [0x0000000080000000, 0x0000000100000000)
  region size 1024K, 18 young (18432K), 18 survivors (18432K)
 Metaspace       used 117016K, committed 117952K, reserved 1179648K
  class space    used 15945K, committed 16448K, reserved 1048576K
}
Event: 231.913 GC heap before
{Heap before GC invocations=51 (full 0):
 garbage-first heap   total 443392K, used 344641K [0x0000000080000000, 0x0000000100000000)
  region size 1024K, 217 young (222208K), 18 survivors (18432K)
 Metaspace       used 117944K, committed 118912K, reserved 1179648K
  class space    used 16007K, committed 16512K, reserved 1048576K
}
Event: 231.929 GC heap after
{Heap after GC invocations=52 (full 0):
 garbage-first heap   total 443392K, used 144990K [0x0000000080000000, 0x0000000100000000)
  region size 1024K, 5 young (5120K), 5 survivors (5120K)
 Metaspace       used 117944K, committed 118912K, reserved 1179648K
  class space    used 16007K, committed 16512K, reserved 1048576K
}
Event: 271.358 GC heap before
{Heap before GC invocations=52 (full 0):
 garbage-first heap   total 443392K, used 357982K [0x0000000080000000, 0x0000000100000000)
  region size 1024K, 214 young (219136K), 5 survivors (5120K)
 Metaspace       used 118608K, committed 119616K, reserved 1179648K
  class space    used 16051K, committed 16576K, reserved 1048576K
}
Event: 271.369 GC heap after
{Heap after GC invocations=53 (full 0):
 garbage-first heap   total 443392K, used 152835K [0x0000000080000000, 0x0000000100000000)
  region size 1024K, 12 young (12288K), 12 survivors (12288K)
 Metaspace       used 118608K, committed 119616K, reserved 1179648K
  class space    used 16051K, committed 16576K, reserved 1048576K
}
Event: 382.296 GC heap before
{Heap before GC invocations=53 (full 0):
 garbage-first heap   total 443392K, used 362755K [0x0000000080000000, 0x0000000100000000)
  region size 1024K, 218 young (223232K), 12 survivors (12288K)
 Metaspace       used 119080K, committed 120192K, reserved 1179648K
  class space    used 16078K, committed 16640K, reserved 1048576K
}
Event: 382.302 GC heap after
{Heap after GC invocations=54 (full 0):
 garbage-first heap   total 443392K, used 147715K [0x0000000080000000, 0x0000000100000000)
  region size 1024K, 7 young (7168K), 7 survivors (7168K)
 Metaspace       used 119080K, committed 120192K, reserved 1179648K
  class space    used 16078K, committed 16640K, reserved 1048576K
}
Event: 396.586 GC heap before
{Heap before GC invocations=54 (full 0):
 garbage-first heap   total 443392K, used 366851K [0x0000000080000000, 0x0000000100000000)
  region size 1024K, 222 young (227328K), 7 survivors (7168K)
 Metaspace       used 125606K, committed 126720K, reserved 1179648K
  class space    used 16982K, committed 17536K, reserved 1048576K
}
Event: 396.606 GC heap after
{Heap after GC invocations=55 (full 0):
 garbage-first heap   total 443392K, used 172007K [0x0000000080000000, 0x0000000100000000)
  region size 1024K, 28 young (28672K), 28 survivors (28672K)
 Metaspace       used 125606K, committed 126720K, reserved 1179648K
  class space    used 16982K, committed 17536K, reserved 1048576K
}
Event: 398.000 GC heap before
{Heap before GC invocations=55 (full 0):
 garbage-first heap   total 443392K, used 358375K [0x0000000080000000, 0x0000000100000000)
  region size 1024K, 211 young (216064K), 28 survivors (28672K)
 Metaspace       used 135302K, committed 136384K, reserved 1179648K
  class space    used 18532K, committed 19072K, reserved 1048576K
}
Event: 398.022 GC heap after
{Heap after GC invocations=56 (full 0):
 garbage-first heap   total 443392K, used 173631K [0x0000000080000000, 0x0000000100000000)
  region size 1024K, 10 young (10240K), 10 survivors (10240K)
 Metaspace       used 135302K, committed 136384K, reserved 1179648K
  class space    used 18532K, committed 19072K, reserved 1048576K
}
Event: 398.529 GC heap before
{Heap before GC invocations=56 (full 0):
 garbage-first heap   total 443392K, used 359999K [0x0000000080000000, 0x0000000100000000)
  region size 1024K, 193 young (197632K), 10 survivors (10240K)
 Metaspace       used 136835K, committed 137920K, reserved 1179648K
  class space    used 18736K, committed 19264K, reserved 1048576K
}
Event: 398.537 GC heap after
{Heap after GC invocations=57 (full 0):
 garbage-first heap   total 443392K, used 172665K [0x0000000080000000, 0x0000000100000000)
  region size 1024K, 9 young (9216K), 9 survivors (9216K)
 Metaspace       used 136835K, committed 137920K, reserved 1179648K
  class space    used 18736K, committed 19264K, reserved 1048576K
}
Event: 399.532 GC heap before
{Heap before GC invocations=57 (full 0):
 garbage-first heap   total 443392K, used 365177K [0x0000000080000000, 0x0000000100000000)
  region size 1024K, 198 young (202752K), 9 survivors (9216K)
 Metaspace       used 139501K, committed 140608K, reserved 1179648K
  class space    used 19081K, committed 19648K, reserved 1048576K
}
Event: 399.540 GC heap after
{Heap after GC invocations=58 (full 0):
 garbage-first heap   total 443392K, used 170910K [0x0000000080000000, 0x0000000100000000)
  region size 1024K, 7 young (7168K), 7 survivors (7168K)
 Metaspace       used 139501K, committed 140608K, reserved 1179648K
  class space    used 19081K, committed 19648K, reserved 1048576K
}

